24-Oct-2017 05:44:10.743 INFOS [main] sun.reflect.NativeMethodAccessorImpl.invoke Server version:        Apache Tomcat (TomEE)/8.5.6 (7.0.2)
24-Oct-2017 05:44:10.744 INFOS [main] sun.reflect.NativeMethodAccessorImpl.invoke Server built:          Oct 6 2016 20:15:31 UTC
24-Oct-2017 05:44:10.744 INFOS [main] sun.reflect.NativeMethodAccessorImpl.invoke Server number:         8.5.6.0
24-Oct-2017 05:44:10.744 INFOS [main] sun.reflect.NativeMethodAccessorImpl.invoke OS Name:               Windows 10
24-Oct-2017 05:44:10.744 INFOS [main] sun.reflect.NativeMethodAccessorImpl.invoke OS Version:            10.0
24-Oct-2017 05:44:10.744 INFOS [main] sun.reflect.NativeMethodAccessorImpl.invoke Architecture:          amd64
24-Oct-2017 05:44:10.744 INFOS [main] sun.reflect.NativeMethodAccessorImpl.invoke Java Home:             C:\Program Files\Java\jdk1.8.0_144\jre
24-Oct-2017 05:44:10.744 INFOS [main] sun.reflect.NativeMethodAccessorImpl.invoke JVM Version:           1.8.0_144-b01
24-Oct-2017 05:44:10.744 INFOS [main] sun.reflect.NativeMethodAccessorImpl.invoke JVM Vendor:            Oracle Corporation
24-Oct-2017 05:44:10.744 INFOS [main] sun.reflect.NativeMethodAccessorImpl.invoke CATALINA_BASE:         C:\Users\user\Desktop\OCS\Objet_connecte\peluche_server\target\apache-tomee
24-Oct-2017 05:44:10.744 INFOS [main] sun.reflect.NativeMethodAccessorImpl.invoke CATALINA_HOME:         C:\Users\user\Desktop\OCS\Objet_connecte\peluche_server\target\apache-tomee
24-Oct-2017 05:44:10.745 INFOS [main] sun.reflect.NativeMethodAccessorImpl.invoke Command line argument: -XX:+HeapDumpOnOutOfMemoryError
24-Oct-2017 05:44:10.745 INFOS [main] sun.reflect.NativeMethodAccessorImpl.invoke Command line argument: -Dorg.apache.catalina.STRICT_SERVLET_COMPLIANCE=false
24-Oct-2017 05:44:10.745 INFOS [main] sun.reflect.NativeMethodAccessorImpl.invoke Command line argument: -Dopenejb.session.manager=org.apache.tomee.catalina.session.QuickSessionManager
24-Oct-2017 05:44:10.745 INFOS [main] sun.reflect.NativeMethodAccessorImpl.invoke Command line argument: -Dtomee.remote.support=true
24-Oct-2017 05:44:10.745 INFOS [main] sun.reflect.NativeMethodAccessorImpl.invoke Command line argument: -Xmx512m
24-Oct-2017 05:44:10.745 INFOS [main] sun.reflect.DelegatingMethodAccessorImpl.invoke Command line argument: -XX:PermSize=256m
24-Oct-2017 05:44:10.745 INFOS [main] sun.reflect.DelegatingMethodAccessorImpl.invoke Command line argument: -Dtomee.jsp-development=true
24-Oct-2017 05:44:10.746 INFOS [main] sun.reflect.DelegatingMethodAccessorImpl.invoke Command line argument: -Djava.util.logging.config.file=C:\Users\user\Desktop\OCS\Objet_connecte\peluche_server\target\apache-tomee\conf\logging.properties
24-Oct-2017 05:44:10.746 INFOS [main] sun.reflect.DelegatingMethodAccessorImpl.invoke Command line argument: -javaagent:C:\Users\user\Desktop\OCS\Objet_connecte\peluche_server\target\apache-tomee\lib\openejb-javaagent.jar
24-Oct-2017 05:44:10.746 INFOS [main] sun.reflect.DelegatingMethodAccessorImpl.invoke Command line argument: -Djava.util.logging.manager=org.apache.juli.ClassLoaderLogManager
24-Oct-2017 05:44:10.746 INFOS [main] sun.reflect.DelegatingMethodAccessorImpl.invoke Command line argument: -Djava.io.tmpdir=C:\Users\user\Desktop\OCS\Objet_connecte\peluche_server\target\apache-tomee\temp
24-Oct-2017 05:44:10.746 INFOS [main] sun.reflect.DelegatingMethodAccessorImpl.invoke Command line argument: -Djava.endorsed.dirs=C:\Users\user\Desktop\OCS\Objet_connecte\peluche_server\target\apache-tomee\endorsed
24-Oct-2017 05:44:10.746 INFOS [main] sun.reflect.DelegatingMethodAccessorImpl.invoke Command line argument: -Dcatalina.base=C:\Users\user\Desktop\OCS\Objet_connecte\peluche_server\target\apache-tomee
24-Oct-2017 05:44:10.746 INFOS [main] sun.reflect.DelegatingMethodAccessorImpl.invoke Command line argument: -Dcatalina.home=C:\Users\user\Desktop\OCS\Objet_connecte\peluche_server\target\apache-tomee
24-Oct-2017 05:44:10.746 INFOS [main] sun.reflect.DelegatingMethodAccessorImpl.invoke Command line argument: -Dcatalina.ext.dirs=C:\Users\user\Desktop\OCS\Objet_connecte\peluche_server\target\apache-tomee\lib
24-Oct-2017 05:44:10.747 INFOS [main] sun.reflect.DelegatingMethodAccessorImpl.invoke Command line argument: -Dorg.apache.tomcat.util.http.ServerCookie.ALLOW_HTTP_SEPARATORS_IN_V0=true
24-Oct-2017 05:44:10.747 INFOS [main] sun.reflect.DelegatingMethodAccessorImpl.invoke Command line argument: -ea
24-Oct-2017 05:44:10.747 INFOS [main] sun.reflect.DelegatingMethodAccessorImpl.invoke The APR based Apache Tomcat Native library which allows optimal performance in production environments was not found on the java.library.path: C:\Program Files\Java\jdk1.8.0_144\jre\bin;C:\WINDOWS\Sun\Java\bin;C:\WINDOWS\system32;C:\WINDOWS;C:\Program Files\Docker\Docker\Resources\bin;C:\WINDOWS\system32;C:\WINDOWS;C:\WINDOWS\System32\Wbem;C:\WINDOWS\system;C:\WINDOWS\System32\WindowsPowerShell\v1.0\;C:\Program Files\Intel\WiFi\bin\;C:\Program Files\Common Files\Intel\WirelessCommon\;C:\Program Files\Java\jdk1.8.0_144;C:\Program Files\Git\cmd;C:\Program Files\nodejs\;C:\Program Files\JetBrains\IntelliJ IDEA Community Edition 2017.2.5\plugins\maven\lib\maven3\bin;C:\Program Files (x86)\jdk1.8.0_144\bin ;C:\Program Files\Docker\Docker\Resources\bin;C:\WINDOWS\system32;C:\WINDOWS;C:\WINDOWS\System32\Wbem;C:\WINDOWS\system;C:\WINDOWS\System32\WindowsPowerShell\v1.0\;C:\Program Files\Intel\WiFi\bin\;C:\Program Files\Common Files\Intel\WirelessCommon\;C:\Program Files\Java\jdk1.8.0_144;C:\Program Files\Git\cmd;C:\Program Files\nodejs\;C:\Program Files\JetBrains\IntelliJ IDEA Community Edition 2017.2.5\plugins\maven\lib\maven3\bin .;C:\Users\user\AppData\Roaming\npm;.
24-Oct-2017 05:44:11.147 INFOS [main] sun.reflect.DelegatingMethodAccessorImpl.invoke Initializing ProtocolHandler ["http-nio-8080"]
24-Oct-2017 05:44:11.519 INFOS [main] sun.reflect.DelegatingMethodAccessorImpl.invoke Using a shared selector for servlet write/read
24-Oct-2017 05:44:11.522 INFOS [main] sun.reflect.DelegatingMethodAccessorImpl.invoke Initializing ProtocolHandler ["ajp-nio-8009"]
24-Oct-2017 05:44:11.526 INFOS [main] sun.reflect.DelegatingMethodAccessorImpl.invoke Using a shared selector for servlet write/read
24-Oct-2017 05:44:13.588 INFOS [main] org.apache.openejb.util.OptionsLog.info Using 'tomee.remote.support=true'
24-Oct-2017 05:44:13.607 INFOS [main] org.apache.openejb.util.OptionsLog.info Using 'openejb.jdbc.datasource-creator=org.apache.tomee.jdbc.TomEEDataSourceCreator'
24-Oct-2017 05:44:14.377 INFOS [main] org.apache.openejb.OpenEJB$Instance.<init> ********************************************************************************
24-Oct-2017 05:44:14.378 INFOS [main] org.apache.openejb.OpenEJB$Instance.<init> OpenEJB http://tomee.apache.org/
24-Oct-2017 05:44:14.378 INFOS [main] org.apache.openejb.OpenEJB$Instance.<init> Startup: Tue Oct 24 05:44:14 CEST 2017
24-Oct-2017 05:44:14.378 INFOS [main] org.apache.openejb.OpenEJB$Instance.<init> Copyright 1999-2016 (C) Apache OpenEJB Project, All Rights Reserved.
24-Oct-2017 05:44:14.379 INFOS [main] org.apache.openejb.OpenEJB$Instance.<init> Version: 7.0.2
24-Oct-2017 05:44:14.380 INFOS [main] org.apache.openejb.OpenEJB$Instance.<init> Build date: 20161106
24-Oct-2017 05:44:14.380 INFOS [main] org.apache.openejb.OpenEJB$Instance.<init> Build time: 07:23
24-Oct-2017 05:44:14.380 INFOS [main] org.apache.openejb.OpenEJB$Instance.<init> ********************************************************************************
24-Oct-2017 05:44:14.381 INFOS [main] org.apache.openejb.OpenEJB$Instance.<init> openejb.home = C:\Users\user\Desktop\OCS\Objet_connecte\peluche_server\target\apache-tomee
24-Oct-2017 05:44:14.381 INFOS [main] org.apache.openejb.OpenEJB$Instance.<init> openejb.base = C:\Users\user\Desktop\OCS\Objet_connecte\peluche_server\target\apache-tomee
24-Oct-2017 05:44:14.384 INFOS [main] org.apache.openejb.cdi.CdiBuilder.initializeOWB Created new singletonService org.apache.openejb.cdi.ThreadSingletonServiceImpl@5dd6264
24-Oct-2017 05:44:14.385 INFOS [main] org.apache.openejb.cdi.CdiBuilder.initializeOWB Succeeded in installing singleton service
24-Oct-2017 05:44:14.505 INFOS [main] org.apache.openejb.config.ConfigurationFactory.init TomEE configuration file is 'C:\Users\user\Desktop\OCS\Objet_connecte\peluche_server\target\apache-tomee\conf\tomee.xml'
24-Oct-2017 05:44:14.587 INFOS [main] org.apache.openejb.config.ConfigurationFactory.configureService Configuring Service(id=Tomcat Security Service, type=SecurityService, provider-id=Tomcat Security Service)
24-Oct-2017 05:44:14.590 INFOS [main] org.apache.openejb.config.ConfigurationFactory.configureService Configuring Service(id=Default Transaction Manager, type=TransactionManager, provider-id=Default Transaction Manager)
24-Oct-2017 05:44:14.595 INFOS [main] org.apache.openejb.util.OptionsLog.info Using 'openejb.deployments.classpath=false'
24-Oct-2017 05:44:14.613 INFOS [main] org.apache.openejb.assembler.classic.Assembler.createRecipe Creating TransactionManager(id=Default Transaction Manager)
24-Oct-2017 05:44:14.867 INFOS [main] org.apache.openejb.assembler.classic.Assembler.createRecipe Creating SecurityService(id=Tomcat Security Service)
24-Oct-2017 05:44:15.755 INFOS [main] org.apache.openejb.server.ServiceManager.initServer Creating ServerService(id=cxf)
24-Oct-2017 05:44:16.739 INFOS [main] org.apache.openejb.server.ServiceManager.initServer Creating ServerService(id=cxf-rs)
24-Oct-2017 05:44:17.209 INFOS [main] org.apache.openejb.server.SimpleServiceManager.start   ** Bound Services **
24-Oct-2017 05:44:17.209 INFOS [main] org.apache.openejb.server.SimpleServiceManager.printRow   NAME                 IP              PORT  
24-Oct-2017 05:44:17.209 INFOS [main] org.apache.openejb.server.SimpleServiceManager.start -------
24-Oct-2017 05:44:17.209 INFOS [main] org.apache.openejb.server.SimpleServiceManager.start Ready!
24-Oct-2017 05:44:17.209 INFOS [main] sun.reflect.DelegatingMethodAccessorImpl.invoke Initialization processed in 7618 ms
24-Oct-2017 05:44:17.398 INFOS [main] org.apache.tomee.catalina.OpenEJBNamingContextListener.bindResource Importing a Tomcat Resource with id 'UserDatabase' of type 'org.apache.catalina.UserDatabase'.
24-Oct-2017 05:44:17.400 INFOS [main] org.apache.openejb.assembler.classic.Assembler.createRecipe Creating Resource(id=UserDatabase)
24-Oct-2017 05:44:17.410 INFOS [main] sun.reflect.DelegatingMethodAccessorImpl.invoke Démarrage du service Catalina
24-Oct-2017 05:44:17.411 INFOS [main] sun.reflect.DelegatingMethodAccessorImpl.invoke Starting Servlet Engine: Apache Tomcat (TomEE)/8.5.6 (7.0.2)
24-Oct-2017 05:44:17.526 INFOS [localhost-startStop-1] sun.reflect.DelegatingMethodAccessorImpl.invoke Déploiement de l'archive C:\Users\user\Desktop\OCS\Objet_connecte\peluche_server\target\apache-tomee\webapps\buttom-service.war de l'application web
24-Oct-2017 05:44:17.567 INFOS [localhost-startStop-1] org.apache.tomee.catalina.TomcatWebAppBuilder.init ------------------------- localhost -> /buttom-service
24-Oct-2017 05:44:17.582 INFOS [localhost-startStop-1] org.apache.openejb.util.JarExtractor.extract Extracting jar: C:\Users\user\Desktop\OCS\Objet_connecte\peluche_server\target\apache-tomee\webapps\buttom-service.war
24-Oct-2017 05:44:18.238 INFOS [localhost-startStop-1] org.apache.openejb.util.JarExtractor.extract Extracted path: C:\Users\user\Desktop\OCS\Objet_connecte\peluche_server\target\apache-tomee\webapps\buttom-service
24-Oct-2017 05:44:18.239 INFOS [localhost-startStop-1] org.apache.openejb.util.OptionsLog.info Using 'openejb.session.manager=org.apache.tomee.catalina.session.QuickSessionManager'
24-Oct-2017 05:44:19.291 INFOS [localhost-startStop-1] org.apache.openejb.config.ConfigurationFactory.configureApplication Configuring enterprise application: C:\Users\user\Desktop\OCS\Objet_connecte\peluche_server\target\apache-tomee\webapps\buttom-service
24-Oct-2017 05:44:19.869 INFOS [localhost-startStop-1] org.apache.openejb.config.ConfigurationFactory.configureService Configuring Service(id=Default Managed Container, type=Container, provider-id=Default Managed Container)
24-Oct-2017 05:44:19.881 INFOS [localhost-startStop-1] org.apache.openejb.config.AutoConfig.createContainer Auto-creating a container for bean buttom-service.Comp1345745008: Container(type=MANAGED, id=Default Managed Container)
24-Oct-2017 05:44:19.881 INFOS [localhost-startStop-1] org.apache.openejb.assembler.classic.Assembler.createRecipe Creating Container(id=Default Managed Container)
24-Oct-2017 05:44:19.933 INFOS [localhost-startStop-1] org.apache.openejb.core.managed.SimplePassivater.init Using directory C:\Users\user\Desktop\OCS\Objet_connecte\peluche_server\target\apache-tomee\temp for stateful session passivation
24-Oct-2017 05:44:20.086 INFOS [localhost-startStop-1] org.apache.openejb.config.AppInfoBuilder.build Enterprise application "C:\Users\user\Desktop\OCS\Objet_connecte\peluche_server\target\apache-tomee\webapps\buttom-service" loaded.
24-Oct-2017 05:44:20.166 INFOS [localhost-startStop-1] org.apache.openejb.assembler.classic.Assembler.createApplication Assembling app: C:\Users\user\Desktop\OCS\Objet_connecte\peluche_server\target\apache-tomee\webapps\buttom-service
24-Oct-2017 05:44:21.192 INFOS [localhost-startStop-1] org.apache.openejb.assembler.classic.Assembler.createApplication Deployed Application(path=C:\Users\user\Desktop\OCS\Objet_connecte\peluche_server\target\apache-tomee\webapps\buttom-service)
24-Oct-2017 05:44:22.397 INFOS [localhost-startStop-1] sun.reflect.DelegatingMethodAccessorImpl.invoke At least one JAR was scanned for TLDs yet contained no TLDs. Enable debug logging for this logger for a complete list of JARs that were scanned but no TLDs were found in them. Skipping unneeded JARs during scanning can improve startup time and JSP compilation time.
24-Oct-2017 05:44:24.496 INFOS [localhost-startStop-1] org.apache.openejb.server.cxf.rs.CxfRsHttpListener.deployApplication Using readers:
24-Oct-2017 05:44:24.497 INFOS [localhost-startStop-1] org.apache.openejb.server.cxf.rs.CxfRsHttpListener.deployApplication      org.apache.cxf.jaxrs.provider.PrimitiveTextProvider@3108f54
24-Oct-2017 05:44:24.497 INFOS [localhost-startStop-1] org.apache.openejb.server.cxf.rs.CxfRsHttpListener.deployApplication      org.apache.cxf.jaxrs.provider.FormEncodingProvider@464a311d
24-Oct-2017 05:44:24.497 INFOS [localhost-startStop-1] org.apache.openejb.server.cxf.rs.CxfRsHttpListener.deployApplication      org.apache.cxf.jaxrs.provider.MultipartProvider@5ecc29a5
24-Oct-2017 05:44:24.497 INFOS [localhost-startStop-1] org.apache.openejb.server.cxf.rs.CxfRsHttpListener.deployApplication      org.apache.cxf.jaxrs.provider.SourceProvider@4f9be5e0
24-Oct-2017 05:44:24.497 INFOS [localhost-startStop-1] org.apache.openejb.server.cxf.rs.CxfRsHttpListener.deployApplication      org.apache.cxf.jaxrs.provider.JAXBElementTypedProvider@3511ed42
24-Oct-2017 05:44:24.498 INFOS [localhost-startStop-1] org.apache.openejb.server.cxf.rs.CxfRsHttpListener.deployApplication      org.apache.cxf.jaxrs.provider.JAXBElementProvider@2244f024
24-Oct-2017 05:44:24.498 INFOS [localhost-startStop-1] org.apache.openejb.server.cxf.rs.CxfRsHttpListener.deployApplication      org.apache.openejb.server.cxf.rs.CxfRSService$TomEEJohnzonProvider@56295a4d
24-Oct-2017 05:44:24.498 INFOS [localhost-startStop-1] org.apache.openejb.server.cxf.rs.CxfRsHttpListener.deployApplication      org.apache.openejb.server.cxf.rs.CxfRSService$TomEEJsonpProvider@36d4c8f5
24-Oct-2017 05:44:24.499 INFOS [localhost-startStop-1] org.apache.openejb.server.cxf.rs.CxfRsHttpListener.deployApplication      org.apache.cxf.jaxrs.provider.StringTextProvider@2c2ae96e
24-Oct-2017 05:44:24.499 INFOS [localhost-startStop-1] org.apache.openejb.server.cxf.rs.CxfRsHttpListener.deployApplication      org.apache.cxf.jaxrs.provider.BinaryDataProvider@2bc7a990
24-Oct-2017 05:44:24.499 INFOS [localhost-startStop-1] org.apache.openejb.server.cxf.rs.CxfRsHttpListener.deployApplication      org.apache.cxf.jaxrs.provider.DataSourceProvider@37207597
24-Oct-2017 05:44:24.499 INFOS [localhost-startStop-1] org.apache.openejb.server.cxf.rs.CxfRsHttpListener.deployApplication Using writers:
24-Oct-2017 05:44:24.499 INFOS [localhost-startStop-1] org.apache.openejb.server.cxf.rs.CxfRsHttpListener.deployApplication      org.apache.johnzon.jaxrs.WadlDocumentMessageBodyWriter@27a390e6
24-Oct-2017 05:44:24.499 INFOS [localhost-startStop-1] org.apache.openejb.server.cxf.rs.CxfRsHttpListener.deployApplication      org.apache.cxf.jaxrs.provider.StringTextProvider@2c2ae96e
24-Oct-2017 05:44:24.500 INFOS [localhost-startStop-1] org.apache.openejb.server.cxf.rs.CxfRsHttpListener.deployApplication      org.apache.cxf.jaxrs.provider.JAXBElementTypedProvider@3511ed42
24-Oct-2017 05:44:24.500 INFOS [localhost-startStop-1] org.apache.openejb.server.cxf.rs.CxfRsHttpListener.deployApplication      org.apache.cxf.jaxrs.provider.PrimitiveTextProvider@3108f54
24-Oct-2017 05:44:24.500 INFOS [localhost-startStop-1] org.apache.openejb.server.cxf.rs.CxfRsHttpListener.deployApplication      org.apache.cxf.jaxrs.provider.FormEncodingProvider@464a311d
24-Oct-2017 05:44:24.500 INFOS [localhost-startStop-1] org.apache.openejb.server.cxf.rs.CxfRsHttpListener.deployApplication      org.apache.cxf.jaxrs.provider.MultipartProvider@5ecc29a5
24-Oct-2017 05:44:24.500 INFOS [localhost-startStop-1] org.apache.openejb.server.cxf.rs.CxfRsHttpListener.deployApplication      org.apache.cxf.jaxrs.provider.SourceProvider@4f9be5e0
24-Oct-2017 05:44:24.501 INFOS [localhost-startStop-1] org.apache.openejb.server.cxf.rs.CxfRsHttpListener.deployApplication      org.apache.cxf.jaxrs.provider.JAXBElementProvider@2244f024
24-Oct-2017 05:44:24.501 INFOS [localhost-startStop-1] org.apache.openejb.server.cxf.rs.CxfRsHttpListener.deployApplication      org.apache.openejb.server.cxf.rs.CxfRSService$TomEEJohnzonProvider@56295a4d
24-Oct-2017 05:44:24.501 INFOS [localhost-startStop-1] org.apache.openejb.server.cxf.rs.CxfRsHttpListener.deployApplication      org.apache.openejb.server.cxf.rs.CxfRSService$TomEEJsonpProvider@36d4c8f5
24-Oct-2017 05:44:24.501 INFOS [localhost-startStop-1] org.apache.openejb.server.cxf.rs.CxfRsHttpListener.deployApplication      org.apache.cxf.jaxrs.provider.BinaryDataProvider@2bc7a990
24-Oct-2017 05:44:24.501 INFOS [localhost-startStop-1] org.apache.openejb.server.cxf.rs.CxfRsHttpListener.deployApplication      org.apache.cxf.jaxrs.provider.DataSourceProvider@37207597
24-Oct-2017 05:44:24.501 INFOS [localhost-startStop-1] org.apache.openejb.server.cxf.rs.CxfRsHttpListener.deployApplication Using exception mappers:
24-Oct-2017 05:44:24.501 INFOS [localhost-startStop-1] org.apache.openejb.server.cxf.rs.CxfRsHttpListener.deployApplication      org.apache.cxf.jaxrs.impl.WebApplicationExceptionMapper@4888495
24-Oct-2017 05:44:24.502 INFOS [localhost-startStop-1] org.apache.openejb.server.cxf.rs.CxfRsHttpListener.deployApplication      org.apache.openejb.server.cxf.rs.EJBExceptionMapper@43d79899
24-Oct-2017 05:44:24.502 INFOS [localhost-startStop-1] org.apache.openejb.server.cxf.rs.CxfRsHttpListener.deployApplication      org.apache.cxf.jaxrs.validation.ValidationExceptionMapper@6ee7e33a
24-Oct-2017 05:44:24.502 INFOS [localhost-startStop-1] org.apache.openejb.server.cxf.rs.CxfRsHttpListener.deployApplication      org.apache.openejb.server.cxf.rs.CxfRsHttpListener$CxfResponseValidationExceptionMapper@6a0f056c
24-Oct-2017 05:44:24.509 INFOS [localhost-startStop-1] org.apache.openejb.server.cxf.rs.CxfRsHttpListener.logEndpoints REST Application: http://localhost:8080/buttom-service/         -> org.apache.openejb.server.rest.InternalApplication@74f9b8e9
24-Oct-2017 05:44:24.532 INFOS [localhost-startStop-1] org.apache.openejb.server.cxf.rs.CxfRsHttpListener.logEndpoints      Service URI: http://localhost:8080/buttom-service/peluche  -> Pojo Buttom.ButtomService
24-Oct-2017 05:44:24.533 INFOS [localhost-startStop-1] org.apache.openejb.server.cxf.rs.CxfRsHttpListener.logEndpoints              POST http://localhost:8080/buttom-service/peluche/ ->      Response process(String)
24-Oct-2017 05:44:24.747 INFOS [localhost-startStop-1] sun.reflect.DelegatingMethodAccessorImpl.invoke Deployment of web application archive C:\Users\user\Desktop\OCS\Objet_connecte\peluche_server\target\apache-tomee\webapps\buttom-service.war has finished in 7 209 ms
24-Oct-2017 05:44:24.822 INFOS [Catalina-startStop-1] org.apache.catalina.core.StandardContext.setClassLoaderProperty Unable to set the web application class loader property [clearReferencesRmiTargets] to [true] as the property does not exist.
24-Oct-2017 05:44:24.870 INFOS [main] sun.reflect.DelegatingMethodAccessorImpl.invoke Starting ProtocolHandler [http-nio-8080]
24-Oct-2017 05:44:24.884 INFOS [main] sun.reflect.DelegatingMethodAccessorImpl.invoke Starting ProtocolHandler [ajp-nio-8009]
24-Oct-2017 05:44:24.890 INFOS [main] sun.reflect.DelegatingMethodAccessorImpl.invoke Server startup in 7680 ms
